<?xml version="1.0" encoding="UTF-8"?>
<testsuite xmlns:xsi="http://www.w3.org/2001/XMLSchema-instance" xsi:noNamespaceSchemaLocation="https://maven.apache.org/surefire/maven-surefire-plugin/xsd/surefire-test-report.xsd" name="TestSuite" time="0.301" tests="1" errors="0" skipped="0" failures="0">
  <properties>
    <property name="sun.desktop" value="gnome"/>
    <property name="awt.toolkit" value="sun.awt.X11.XToolkit"/>
    <property name="file.encoding.pkg" value="sun.io"/>
    <property name="java.specification.version" value="1.8"/>
    <property name="sun.cpu.isalist" value=""/>
    <property name="sun.jnu.encoding" value="UTF-8"/>
    <property name="java.class.path" value="/home/unique-creations/eclipse-workspace/project/target/test-classes:/home/unique-creations/eclipse-workspace/project/target/classes:/home/unique-creations/.m2/repository/org/seleniumhq/selenium/selenium-java/3.0.1/selenium-java-3.0.1.jar:/home/unique-creations/.m2/repository/org/seleniumhq/selenium/selenium-chrome-driver/3.0.1/selenium-chrome-driver-3.0.1.jar:/home/unique-creations/.m2/repository/org/seleniumhq/selenium/selenium-remote-driver/3.0.1/selenium-remote-driver-3.0.1.jar:/home/unique-creations/.m2/repository/org/seleniumhq/selenium/selenium-api/3.0.1/selenium-api-3.0.1.jar:/home/unique-creations/.m2/repository/cglib/cglib-nodep/3.2.4/cglib-nodep-3.2.4.jar:/home/unique-creations/.m2/repository/org/apache/commons/commons-exec/1.3/commons-exec-1.3.jar:/home/unique-creations/.m2/repository/com/google/code/gson/gson/2.3.1/gson-2.3.1.jar:/home/unique-creations/.m2/repository/com/google/guava/guava/19.0/guava-19.0.jar:/home/unique-creations/.m2/repository/net/java/dev/jna/jna-platform/4.1.0/jna-platform-4.1.0.jar:/home/unique-creations/.m2/repository/net/java/dev/jna/jna/4.1.0/jna-4.1.0.jar:/home/unique-creations/.m2/repository/org/seleniumhq/selenium/selenium-edge-driver/3.0.1/selenium-edge-driver-3.0.1.jar:/home/unique-creations/.m2/repository/org/seleniumhq/selenium/selenium-firefox-driver/3.0.1/selenium-firefox-driver-3.0.1.jar:/home/unique-creations/.m2/repository/org/seleniumhq/selenium/selenium-ie-driver/3.0.1/selenium-ie-driver-3.0.1.jar:/home/unique-creations/.m2/repository/org/seleniumhq/selenium/selenium-opera-driver/3.0.1/selenium-opera-driver-3.0.1.jar:/home/unique-creations/.m2/repository/org/seleniumhq/selenium/selenium-safari-driver/3.0.1/selenium-safari-driver-3.0.1.jar:/home/unique-creations/.m2/repository/io/netty/netty/3.5.7.Final/netty-3.5.7.Final.jar:/home/unique-creations/.m2/repository/org/seleniumhq/selenium/selenium-support/3.0.1/selenium-support-3.0.1.jar:/home/unique-creations/.m2/repository/junit/junit/4.12/junit-4.12.jar:/home/unique-creations/.m2/repository/org/hamcrest/hamcrest-core/1.3/hamcrest-core-1.3.jar:/home/unique-creations/.m2/repository/net/sourceforge/htmlunit/htmlunit/2.23/htmlunit-2.23.jar:/home/unique-creations/.m2/repository/xalan/xalan/2.7.2/xalan-2.7.2.jar:/home/unique-creations/.m2/repository/xalan/serializer/2.7.2/serializer-2.7.2.jar:/home/unique-creations/.m2/repository/org/apache/commons/commons-lang3/3.4/commons-lang3-3.4.jar:/home/unique-creations/.m2/repository/org/apache/httpcomponents/httpclient/4.5.2/httpclient-4.5.2.jar:/home/unique-creations/.m2/repository/org/apache/httpcomponents/httpcore/4.4.4/httpcore-4.4.4.jar:/home/unique-creations/.m2/repository/org/apache/httpcomponents/httpmime/4.5.2/httpmime-4.5.2.jar:/home/unique-creations/.m2/repository/net/sourceforge/htmlunit/htmlunit-core-js/2.23/htmlunit-core-js-2.23.jar:/home/unique-creations/.m2/repository/net/sourceforge/htmlunit/neko-htmlunit/2.23/neko-htmlunit-2.23.jar:/home/unique-creations/.m2/repository/xerces/xercesImpl/2.11.0/xercesImpl-2.11.0.jar:/home/unique-creations/.m2/repository/xml-apis/xml-apis/1.4.01/xml-apis-1.4.01.jar:/home/unique-creations/.m2/repository/net/sourceforge/cssparser/cssparser/0.9.20/cssparser-0.9.20.jar:/home/unique-creations/.m2/repository/org/w3c/css/sac/1.3/sac-1.3.jar:/home/unique-creations/.m2/repository/commons-io/commons-io/2.5/commons-io-2.5.jar:/home/unique-creations/.m2/repository/commons-logging/commons-logging/1.2/commons-logging-1.2.jar:/home/unique-creations/.m2/repository/com/codeborne/phantomjsdriver/1.3.0/phantomjsdriver-1.3.0.jar:/home/unique-creations/.m2/repository/org/eclipse/jetty/websocket/websocket-client/9.2.15.v20160210/websocket-client-9.2.15.v20160210.jar:/home/unique-creations/.m2/repository/org/eclipse/jetty/jetty-util/9.2.15.v20160210/jetty-util-9.2.15.v20160210.jar:/home/unique-creations/.m2/repository/org/eclipse/jetty/jetty-io/9.2.15.v20160210/jetty-io-9.2.15.v20160210.jar:/home/unique-creations/.m2/repository/org/eclipse/jetty/websocket/websocket-common/9.2.15.v20160210/websocket-common-9.2.15.v20160210.jar:/home/unique-creations/.m2/repository/org/eclipse/jetty/websocket/websocket-api/9.2.15.v20160210/websocket-api-9.2.15.v20160210.jar:/home/unique-creations/.m2/repository/org/testng/testng/6.10/testng-6.10.jar:/home/unique-creations/.m2/repository/com/beust/jcommander/1.48/jcommander-1.48.jar:/home/unique-creations/.m2/repository/org/apache/poi/poi/3.17/poi-3.17.jar:/home/unique-creations/.m2/repository/commons-codec/commons-codec/1.10/commons-codec-1.10.jar:/home/unique-creations/.m2/repository/org/apache/commons/commons-collections4/4.1/commons-collections4-4.1.jar:/home/unique-creations/.m2/repository/com/relevantcodes/extentreports/2.40/extentreports-2.40.jar:/home/unique-creations/.m2/repository/org/jsoup/jsoup/1.8.3/jsoup-1.8.3.jar:/home/unique-creations/.m2/repository/org/xerial/sqlite-jdbc/3.8.11.1/sqlite-jdbc-3.8.11.1.jar:/home/unique-creations/.m2/repository/org/freemarker/freemarker/2.3.23/freemarker-2.3.23.jar:/home/unique-creations/.m2/repository/org/apache/maven/surefire/surefire-testng-utils/2.21.0/surefire-testng-utils-2.21.0.jar:/home/unique-creations/.m2/repository/org/apache/maven/surefire/surefire-grouper/2.21.0/surefire-grouper-2.21.0.jar:"/>
    <property name="java.vm.vendor" value="Oracle Corporation"/>
    <property name="sun.arch.data.model" value="64"/>
    <property name="java.vendor.url" value="http://java.oracle.com/"/>
    <property name="user.timezone" value=""/>
    <property name="java.vm.specification.version" value="1.8"/>
    <property name="os.name" value="Linux"/>
    <property name="user.country" value="IN"/>
    <property name="sun.java.launcher" value="SUN_STANDARD"/>
    <property name="sun.boot.library.path" value="/usr/lib/jvm/java-8-oracle/jre/lib/amd64"/>
    <property name="sun.java.command" value="/home/unique-creations/eclipse-workspace/project/target/surefire/surefirebooter4449287727391529429.jar /home/unique-creations/eclipse-workspace/project/target/surefire 2018-03-10T15-50-45_177-jvmRun1 surefire7050765866071310227tmp surefire_07252475932770122498tmp"/>
    <property name="surefire.test.class.path" value="/home/unique-creations/eclipse-workspace/project/target/test-classes:/home/unique-creations/eclipse-workspace/project/target/classes:/home/unique-creations/.m2/repository/org/seleniumhq/selenium/selenium-java/3.0.1/selenium-java-3.0.1.jar:/home/unique-creations/.m2/repository/org/seleniumhq/selenium/selenium-chrome-driver/3.0.1/selenium-chrome-driver-3.0.1.jar:/home/unique-creations/.m2/repository/org/seleniumhq/selenium/selenium-remote-driver/3.0.1/selenium-remote-driver-3.0.1.jar:/home/unique-creations/.m2/repository/org/seleniumhq/selenium/selenium-api/3.0.1/selenium-api-3.0.1.jar:/home/unique-creations/.m2/repository/cglib/cglib-nodep/3.2.4/cglib-nodep-3.2.4.jar:/home/unique-creations/.m2/repository/org/apache/commons/commons-exec/1.3/commons-exec-1.3.jar:/home/unique-creations/.m2/repository/com/google/code/gson/gson/2.3.1/gson-2.3.1.jar:/home/unique-creations/.m2/repository/com/google/guava/guava/19.0/guava-19.0.jar:/home/unique-creations/.m2/repository/net/java/dev/jna/jna-platform/4.1.0/jna-platform-4.1.0.jar:/home/unique-creations/.m2/repository/net/java/dev/jna/jna/4.1.0/jna-4.1.0.jar:/home/unique-creations/.m2/repository/org/seleniumhq/selenium/selenium-edge-driver/3.0.1/selenium-edge-driver-3.0.1.jar:/home/unique-creations/.m2/repository/org/seleniumhq/selenium/selenium-firefox-driver/3.0.1/selenium-firefox-driver-3.0.1.jar:/home/unique-creations/.m2/repository/org/seleniumhq/selenium/selenium-ie-driver/3.0.1/selenium-ie-driver-3.0.1.jar:/home/unique-creations/.m2/repository/org/seleniumhq/selenium/selenium-opera-driver/3.0.1/selenium-opera-driver-3.0.1.jar:/home/unique-creations/.m2/repository/org/seleniumhq/selenium/selenium-safari-driver/3.0.1/selenium-safari-driver-3.0.1.jar:/home/unique-creations/.m2/repository/io/netty/netty/3.5.7.Final/netty-3.5.7.Final.jar:/home/unique-creations/.m2/repository/org/seleniumhq/selenium/selenium-support/3.0.1/selenium-support-3.0.1.jar:/home/unique-creations/.m2/repository/junit/junit/4.12/junit-4.12.jar:/home/unique-creations/.m2/repository/org/hamcrest/hamcrest-core/1.3/hamcrest-core-1.3.jar:/home/unique-creations/.m2/repository/net/sourceforge/htmlunit/htmlunit/2.23/htmlunit-2.23.jar:/home/unique-creations/.m2/repository/xalan/xalan/2.7.2/xalan-2.7.2.jar:/home/unique-creations/.m2/repository/xalan/serializer/2.7.2/serializer-2.7.2.jar:/home/unique-creations/.m2/repository/org/apache/commons/commons-lang3/3.4/commons-lang3-3.4.jar:/home/unique-creations/.m2/repository/org/apache/httpcomponents/httpclient/4.5.2/httpclient-4.5.2.jar:/home/unique-creations/.m2/repository/org/apache/httpcomponents/httpcore/4.4.4/httpcore-4.4.4.jar:/home/unique-creations/.m2/repository/org/apache/httpcomponents/httpmime/4.5.2/httpmime-4.5.2.jar:/home/unique-creations/.m2/repository/net/sourceforge/htmlunit/htmlunit-core-js/2.23/htmlunit-core-js-2.23.jar:/home/unique-creations/.m2/repository/net/sourceforge/htmlunit/neko-htmlunit/2.23/neko-htmlunit-2.23.jar:/home/unique-creations/.m2/repository/xerces/xercesImpl/2.11.0/xercesImpl-2.11.0.jar:/home/unique-creations/.m2/repository/xml-apis/xml-apis/1.4.01/xml-apis-1.4.01.jar:/home/unique-creations/.m2/repository/net/sourceforge/cssparser/cssparser/0.9.20/cssparser-0.9.20.jar:/home/unique-creations/.m2/repository/org/w3c/css/sac/1.3/sac-1.3.jar:/home/unique-creations/.m2/repository/commons-io/commons-io/2.5/commons-io-2.5.jar:/home/unique-creations/.m2/repository/commons-logging/commons-logging/1.2/commons-logging-1.2.jar:/home/unique-creations/.m2/repository/com/codeborne/phantomjsdriver/1.3.0/phantomjsdriver-1.3.0.jar:/home/unique-creations/.m2/repository/org/eclipse/jetty/websocket/websocket-client/9.2.15.v20160210/websocket-client-9.2.15.v20160210.jar:/home/unique-creations/.m2/repository/org/eclipse/jetty/jetty-util/9.2.15.v20160210/jetty-util-9.2.15.v20160210.jar:/home/unique-creations/.m2/repository/org/eclipse/jetty/jetty-io/9.2.15.v20160210/jetty-io-9.2.15.v20160210.jar:/home/unique-creations/.m2/repository/org/eclipse/jetty/websocket/websocket-common/9.2.15.v20160210/websocket-common-9.2.15.v20160210.jar:/home/unique-creations/.m2/repository/org/eclipse/jetty/websocket/websocket-api/9.2.15.v20160210/websocket-api-9.2.15.v20160210.jar:/home/unique-creations/.m2/repository/org/testng/testng/6.10/testng-6.10.jar:/home/unique-creations/.m2/repository/com/beust/jcommander/1.48/jcommander-1.48.jar:/home/unique-creations/.m2/repository/org/apache/poi/poi/3.17/poi-3.17.jar:/home/unique-creations/.m2/repository/commons-codec/commons-codec/1.10/commons-codec-1.10.jar:/home/unique-creations/.m2/repository/org/apache/commons/commons-collections4/4.1/commons-collections4-4.1.jar:/home/unique-creations/.m2/repository/com/relevantcodes/extentreports/2.40/extentreports-2.40.jar:/home/unique-creations/.m2/repository/org/jsoup/jsoup/1.8.3/jsoup-1.8.3.jar:/home/unique-creations/.m2/repository/org/xerial/sqlite-jdbc/3.8.11.1/sqlite-jdbc-3.8.11.1.jar:/home/unique-creations/.m2/repository/org/freemarker/freemarker/2.3.23/freemarker-2.3.23.jar:/home/unique-creations/.m2/repository/org/apache/maven/surefire/surefire-testng-utils/2.21.0/surefire-testng-utils-2.21.0.jar:/home/unique-creations/.m2/repository/org/apache/maven/surefire/surefire-grouper/2.21.0/surefire-grouper-2.21.0.jar:"/>
    <property name="sun.cpu.endian" value="little"/>
    <property name="user.home" value="/home/unique-creations"/>
    <property name="user.language" value="en"/>
    <property name="java.specification.vendor" value="Oracle Corporation"/>
    <property name="java.home" value="/usr/lib/jvm/java-8-oracle/jre"/>
    <property name="basedir" value="/home/unique-creations/eclipse-workspace/project"/>
    <property name="file.separator" value="/"/>
    <property name="line.separator" value="&#10;"/>
    <property name="java.vm.specification.vendor" value="Oracle Corporation"/>
    <property name="java.specification.name" value="Java Platform API Specification"/>
    <property name="java.awt.graphicsenv" value="sun.awt.X11GraphicsEnvironment"/>
    <property name="surefire.real.class.path" value="/home/unique-creations/eclipse-workspace/project/target/surefire/surefirebooter4449287727391529429.jar"/>
    <property name="sun.boot.class.path" value="/usr/lib/jvm/java-8-oracle/jre/lib/resources.jar:/usr/lib/jvm/java-8-oracle/jre/lib/rt.jar:/usr/lib/jvm/java-8-oracle/jre/lib/sunrsasign.jar:/usr/lib/jvm/java-8-oracle/jre/lib/jsse.jar:/usr/lib/jvm/java-8-oracle/jre/lib/jce.jar:/usr/lib/jvm/java-8-oracle/jre/lib/charsets.jar:/usr/lib/jvm/java-8-oracle/jre/lib/jfr.jar:/usr/lib/jvm/java-8-oracle/jre/classes"/>
    <property name="sun.management.compiler" value="HotSpot 64-Bit Tiered Compilers"/>
    <property name="java.runtime.version" value="1.8.0_161-b12"/>
    <property name="user.name" value="unique-creations"/>
    <property name="path.separator" value=":"/>
    <property name="os.version" value="4.4.0-112-generic"/>
    <property name="java.endorsed.dirs" value="/usr/lib/jvm/java-8-oracle/jre/lib/endorsed"/>
    <property name="java.runtime.name" value="Java(TM) SE Runtime Environment"/>
    <property name="file.encoding" value="UTF-8"/>
    <property name="java.vm.name" value="Java HotSpot(TM) 64-Bit Server VM"/>
    <property name="localRepository" value="/home/unique-creations/.m2/repository"/>
    <property name="java.vendor.url.bug" value="http://bugreport.sun.com/bugreport/"/>
    <property name="java.io.tmpdir" value="/tmp"/>
    <property name="java.version" value="1.8.0_161"/>
    <property name="user.dir" value="/home/unique-creations/eclipse-workspace/project"/>
    <property name="os.arch" value="amd64"/>
    <property name="java.vm.specification.name" value="Java Virtual Machine Specification"/>
    <property name="java.awt.printerjob" value="sun.print.PSPrinterJob"/>
    <property name="sun.os.patch.level" value="unknown"/>
    <property name="java.library.path" value="/usr/java/packages/lib/amd64:/usr/lib64:/lib64:/lib:/usr/lib"/>
    <property name="java.vm.info" value="mixed mode"/>
    <property name="java.vendor" value="Oracle Corporation"/>
    <property name="java.vm.version" value="25.161-b12"/>
    <property name="java.ext.dirs" value="/usr/lib/jvm/java-8-oracle/jre/lib/ext:/usr/java/packages/lib/ext"/>
    <property name="sun.io.unicode.encoding" value="UnicodeLittle"/>
    <property name="java.class.version" value="52.0"/>
  </properties>
  <testcase name="main" classname="sample.project.Test_Sample" time="0.008"/>
</testsuite>