<?xml version="1.0" encoding="UTF-8"?>
<!-- Generated by org.testng.reporters.JUnitReportReporter -->
<testsuite name="sample.project.Test_Sample" tests="1" time="0.009" ignored="0" failures="0" timestamp="10 Mar 2018 10:20:45 GMT" skipped="0" hostname="uniquecreations-Vostro-15-3568" errors="0">
  <testcase name="main" time="0.009" classname="sample.project.Test_Sample"/>
</testsuite> <!-- sample.project.Test_Sample -->
